set -o pipefail; /usr/bin/mariadb-dump --user=_0eb66d01a467c26d --host=127.0.0.1 --port=3306 --password=********** --single-transaction --quick --lock-tables=false _0eb66d01a467c26d | /usr/bin/gzip >> ./finse.localhost/private/backups/20240725_180002-finse_localhost-database.sql.gz

Backup Summary for finse.localhost at 2024-07-25 18:00:04.377221
Config  : /home/karthik/Desktop/work/frappe-bench/sites/finse.localhost/private/backups/20240725_180002-finse_localhost-site_config_backup.json 127.0B
Database: /home/karthik/Desktop/work/frappe-bench/sites/finse.localhost/private/backups/20240725_180002-finse_localhost-database.sql.gz 218.3KiB
Backup for Site finse.localhost has been successfully completed
set -o pipefail; /usr/bin/mariadb-dump --user=_ecebed1962afa99b --host=127.0.0.1 --port=3306 --password=********** --single-transaction --quick --lock-tables=false _ecebed1962afa99b | /usr/bin/gzip >> ./row.localhost/private/backups/20240725_180004-row_localhost-database.sql.gz

Backup Summary for row.localhost at 2024-07-25 18:00:08.807569
Config  : /home/karthik/Desktop/work/frappe-bench/sites/row.localhost/private/backups/20240725_180004-row_localhost-site_config_backup.json 129.0B
Database: /home/karthik/Desktop/work/frappe-bench/sites/row.localhost/private/backups/20240725_180004-row_localhost-database.sql.gz 797.9KiB
Backup for Site row.localhost has been successfully completed
set -o pipefail; /usr/bin/mariadb-dump --user=_0eb66d01a467c26d --host=127.0.0.1 --port=3306 --password=********** --single-transaction --quick --lock-tables=false _0eb66d01a467c26d | /usr/bin/gzip >> ./finse.localhost/private/backups/20240726_120002-finse_localhost-database.sql.gz

Backup Summary for finse.localhost at 2024-07-26 12:00:02.530988
Config  : /home/karthik/Desktop/work/frappe-bench/sites/finse.localhost/private/backups/20240726_120002-finse_localhost-site_config_backup.json 127.0B
Database: /home/karthik/Desktop/work/frappe-bench/sites/finse.localhost/private/backups/20240726_120002-finse_localhost-database.sql.gz 220.0KiB
Backup for Site finse.localhost has been successfully completed
File ./row.localhost/private/backups/20240725_180004-row_localhost-database.sql.gz is recent
File ./row.localhost/private/backups/20240725_180004-row_localhost-site_config_backup.json is recent
set -o pipefail; /usr/bin/mariadb-dump --user=_ecebed1962afa99b --host=127.0.0.1 --port=3306 --password=********** --single-transaction --quick --lock-tables=false _ecebed1962afa99b | /usr/bin/gzip >> ./row.localhost/private/backups/20240726_120002-row_localhost-database.sql.gz

Backup Summary for row.localhost at 2024-07-26 12:00:03.348953
Config  : /home/karthik/Desktop/work/frappe-bench/sites/row.localhost/private/backups/20240726_120002-row_localhost-site_config_backup.json 129.0B
Database: /home/karthik/Desktop/work/frappe-bench/sites/row.localhost/private/backups/20240726_120002-row_localhost-database.sql.gz 823.6KiB
Backup for Site row.localhost has been successfully completed
set -o pipefail; /usr/bin/mariadb-dump --user=_0eb66d01a467c26d --host=127.0.0.1 --port=3306 --password=********** --single-transaction --quick --lock-tables=false _0eb66d01a467c26d | /usr/bin/gzip >> ./finse.localhost/private/backups/20240726_180001-finse_localhost-database.sql.gz

Backup Summary for finse.localhost at 2024-07-26 18:00:01.972055
Config  : /home/karthik/Desktop/work/frappe-bench/sites/finse.localhost/private/backups/20240726_180001-finse_localhost-site_config_backup.json 127.0B
Database: /home/karthik/Desktop/work/frappe-bench/sites/finse.localhost/private/backups/20240726_180001-finse_localhost-database.sql.gz 220.9KiB
Backup for Site finse.localhost has been successfully completed
File ./row.localhost/private/backups/20240726_120002-row_localhost-site_config_backup.json is recent
File ./row.localhost/private/backups/20240725_180004-row_localhost-database.sql.gz is recent
File ./row.localhost/private/backups/20240726_120002-row_localhost-database.sql.gz is recent
File ./row.localhost/private/backups/20240725_180004-row_localhost-site_config_backup.json is recent
set -o pipefail; /usr/bin/mariadb-dump --user=_ecebed1962afa99b --host=127.0.0.1 --port=3306 --password=********** --single-transaction --quick --lock-tables=false _ecebed1962afa99b | /usr/bin/gzip >> ./row.localhost/private/backups/20240726_180001-row_localhost-database.sql.gz

Backup Summary for row.localhost at 2024-07-26 18:00:03.286748
Config  : /home/karthik/Desktop/work/frappe-bench/sites/row.localhost/private/backups/20240726_180001-row_localhost-site_config_backup.json 129.0B
Database: /home/karthik/Desktop/work/frappe-bench/sites/row.localhost/private/backups/20240726_180001-row_localhost-database.sql.gz 826.7KiB
Backup for Site row.localhost has been successfully completed
set -o pipefail; /usr/bin/mariadb-dump --user=_0eb66d01a467c26d --host=127.0.0.1 --port=3306 --password=********** --single-transaction --quick --lock-tables=false _0eb66d01a467c26d | /usr/bin/gzip >> ./finse.localhost/private/backups/20240727_120001-finse_localhost-database.sql.gz

Backup Summary for finse.localhost at 2024-07-27 12:00:03.208466
Config  : /home/karthik/Desktop/work/frappe-bench/sites/finse.localhost/private/backups/20240727_120001-finse_localhost-site_config_backup.json 127.0B
Database: /home/karthik/Desktop/work/frappe-bench/sites/finse.localhost/private/backups/20240727_120001-finse_localhost-database.sql.gz 221.8KiB
Backup for Site finse.localhost has been successfully completed
File ./row.localhost/private/backups/20240726_120002-row_localhost-site_config_backup.json is recent
File ./row.localhost/private/backups/20240726_180001-row_localhost-database.sql.gz is recent
File ./row.localhost/private/backups/20240725_180004-row_localhost-database.sql.gz is older than 24 hours
File ./row.localhost/private/backups/20240726_180001-row_localhost-site_config_backup.json is recent
File ./row.localhost/private/backups/20240726_120002-row_localhost-database.sql.gz is recent
File ./row.localhost/private/backups/20240725_180004-row_localhost-site_config_backup.json is older than 24 hours
set -o pipefail; /usr/bin/mariadb-dump --user=_ecebed1962afa99b --host=127.0.0.1 --port=3306 --password=********** --single-transaction --quick --lock-tables=false _ecebed1962afa99b | /usr/bin/gzip >> ./row.localhost/private/backups/20240727_120003-row_localhost-database.sql.gz

Backup Summary for row.localhost at 2024-07-27 12:00:06.392335
Config  : /home/karthik/Desktop/work/frappe-bench/sites/row.localhost/private/backups/20240727_120003-row_localhost-site_config_backup.json 129.0B
Database: /home/karthik/Desktop/work/frappe-bench/sites/row.localhost/private/backups/20240727_120003-row_localhost-database.sql.gz 829.0KiB
Backup for Site row.localhost has been successfully completed
set -o pipefail; /usr/bin/mariadb-dump --user=_4ea5a2c4b067dfc5 --host=127.0.0.1 --port=3306 --password=********** --single-transaction --quick --lock-tables=false _4ea5a2c4b067dfc5 | /usr/bin/gzip >> ./finse.localhost/private/backups/20240805_120001-finse_localhost-database.sql.gz

Backup Summary for finse.localhost at 2024-08-05 12:00:02.805840
Config  : /home/karthik/Desktop/work/frappe-bench/sites/finse.localhost/private/backups/20240805_120001-finse_localhost-site_config_backup.json 127.0B
Database: /home/karthik/Desktop/work/frappe-bench/sites/finse.localhost/private/backups/20240805_120001-finse_localhost-database.sql.gz 810.0KiB
Backup for Site finse.localhost has been successfully completed
set -o pipefail; /usr/bin/mariadb-dump --user=_4ea5a2c4b067dfc5 --host=127.0.0.1 --port=3306 --password=********** --single-transaction --quick --lock-tables=false _4ea5a2c4b067dfc5 | /usr/bin/gzip >> ./finse.localhost/private/backups/20240805_180001-finse_localhost-database.sql.gz

Backup Summary for finse.localhost at 2024-08-05 18:00:03.231873
Config  : /home/karthik/Desktop/work/frappe-bench/sites/finse.localhost/private/backups/20240805_180001-finse_localhost-site_config_backup.json 127.0B
Database: /home/karthik/Desktop/work/frappe-bench/sites/finse.localhost/private/backups/20240805_180001-finse_localhost-database.sql.gz 876.4KiB
Backup for Site finse.localhost has been successfully completed
set -o pipefail; /usr/bin/mariadb-dump --user=_4ea5a2c4b067dfc5 --host=127.0.0.1 --port=3306 --password=********** --single-transaction --quick --lock-tables=false _4ea5a2c4b067dfc5 | /usr/bin/gzip >> ./finse.localhost/private/backups/20240816_180002-finse_localhost-database.sql.gz

Backup Summary for finse.localhost at 2024-08-16 18:00:03.470486
Config  : /home/karthik/Desktop/work/frappe-bench/sites/finse.localhost/private/backups/20240816_180002-finse_localhost-site_config_backup.json 148.0B
Database: /home/karthik/Desktop/work/frappe-bench/sites/finse.localhost/private/backups/20240816_180002-finse_localhost-database.sql.gz 879.6KiB
Backup for Site finse.localhost has been successfully completed
set -o pipefail; /usr/bin/mariadb-dump --user=_4ea5a2c4b067dfc5 --host=127.0.0.1 --port=3306 --password=********** --single-transaction --quick --lock-tables=false _4ea5a2c4b067dfc5 | /usr/bin/gzip >> ./finse.localhost/private/backups/20240817_120001-finse_localhost-database.sql.gz

Backup Summary for finse.localhost at 2024-08-17 12:00:03.239649
Config  : /home/karthik/Desktop/work/frappe-bench/sites/finse.localhost/private/backups/20240817_120001-finse_localhost-site_config_backup.json 148.0B
Database: /home/karthik/Desktop/work/frappe-bench/sites/finse.localhost/private/backups/20240817_120001-finse_localhost-database.sql.gz 920.2KiB
Backup for Site finse.localhost has been successfully completed
