2024-08-17 15:56:25,548 WARNING database DDL Query made to DB:
create table `tabAssignment Rule Day` (
			name varchar(140) primary key,
			creation datetime(6),
			modified datetime(6),
			modified_by varchar(140),
			owner varchar(140),
			docstatus tinyint not null default '0',
			idx int not null default '0',
			`day` varchar(140),
parent varchar(140),
parentfield varchar(140),
parenttype varchar(140),
index parent(parent))
			ENGINE=InnoDB
			ROW_FORMAT=DYNAMIC
			CHARACTER SET=utf8mb4
			COLLATE=utf8mb4_unicode_ci
2024-08-17 15:56:25,595 WARNING database DDL Query made to DB:
create table `tabAuto Repeat Day` (
			name varchar(140) primary key,
			creation datetime(6),
			modified datetime(6),
			modified_by varchar(140),
			owner varchar(140),
			docstatus tinyint not null default '0',
			idx int not null default '0',
			`day` varchar(140),
parent varchar(140),
parentfield varchar(140),
parenttype varchar(140),
index parent(parent))
			ENGINE=InnoDB
			ROW_FORMAT=DYNAMIC
			CHARACTER SET=utf8mb4
			COLLATE=utf8mb4_unicode_ci
2024-08-17 15:57:12,904 WARNING database DDL Query made to DB:
create table `tabDepartment Office` (
			name varchar(140) primary key,
			creation datetime(6),
			modified datetime(6),
			modified_by varchar(140),
			owner varchar(140),
			docstatus tinyint not null default '0',
			idx int not null default '0',
			`department_name` varchar(140) UNIQUE,
`authority` varchar(140),
`_user_tags` text,
`_comments` text,
`_assign` text,
`_liked_by` text,
index creation(creation))
			ENGINE=InnoDB
			ROW_FORMAT=DYNAMIC
			CHARACTER SET=utf8mb4
			COLLATE=utf8mb4_unicode_ci
2024-08-17 15:57:12,979 WARNING database DDL Query made to DB:
create table `tabOfficer Designation` (
			name varchar(140) primary key,
			creation datetime(6),
			modified datetime(6),
			modified_by varchar(140),
			owner varchar(140),
			docstatus tinyint not null default '0',
			idx int not null default '0',
			`designation` varchar(140) UNIQUE,
`_user_tags` text,
`_comments` text,
`_assign` text,
`_liked_by` text,
index creation(creation))
			ENGINE=InnoDB
			ROW_FORMAT=DYNAMIC
			CHARACTER SET=utf8mb4
			COLLATE=utf8mb4_unicode_ci
2024-08-17 15:57:13,057 WARNING database DDL Query made to DB:
create table `tabGrievances` (
			name varchar(140) primary key,
			creation datetime(6),
			modified datetime(6),
			modified_by varchar(140),
			owner varchar(140),
			docstatus tinyint not null default '0',
			idx int not null default '0',
			`name1` varchar(140) UNIQUE,
`father_name` varchar(140),
`mobile_number` varchar(140),
`city___village` varchar(140),
`mandal` varchar(140),
`officer` varchar(140),
`designation` varchar(140),
`department` varchar(140),
`authority` varchar(140),
`city__village` varchar(140),
`mobile_no` varchar(140),
`status` varchar(140) DEFAULT 'Pending',
`authority_mobile_number` varchar(140),
`comment` text,
`_user_tags` text,
`_comments` text,
`_assign` text,
`_liked_by` text,
index creation(creation))
			ENGINE=InnoDB
			ROW_FORMAT=DYNAMIC
			CHARACTER SET=utf8mb4
			COLLATE=utf8mb4_unicode_ci
2024-08-17 15:57:13,113 WARNING database DDL Query made to DB:
create table `tabVillage` (
			name varchar(140) primary key,
			creation datetime(6),
			modified datetime(6),
			modified_by varchar(140),
			owner varchar(140),
			docstatus tinyint not null default '0',
			idx int not null default '0',
			`village_name` varchar(140) UNIQUE,
`mandal` varchar(140),
`_user_tags` text,
`_comments` text,
`_assign` text,
`_liked_by` text,
index creation(creation))
			ENGINE=InnoDB
			ROW_FORMAT=DYNAMIC
			CHARACTER SET=utf8mb4
			COLLATE=utf8mb4_unicode_ci
2024-08-17 15:57:13,220 WARNING database DDL Query made to DB:
create table `tabOfficer` (
			name varchar(140) primary key,
			creation datetime(6),
			modified datetime(6),
			modified_by varchar(140),
			owner varchar(140),
			docstatus tinyint not null default '0',
			idx int not null default '0',
			`name1` varchar(140) UNIQUE,
`designation` varchar(140),
`city__village` varchar(140),
`authority` varchar(140),
`department` varchar(140),
`mobile_number` varchar(140),
`gmail` varchar(140),
`authority_mobile_number` varchar(140),
`_user_tags` text,
`_comments` text,
`_assign` text,
`_liked_by` text,
index creation(creation))
			ENGINE=InnoDB
			ROW_FORMAT=DYNAMIC
			CHARACTER SET=utf8mb4
			COLLATE=utf8mb4_unicode_ci
2024-08-17 16:01:16,665 WARNING database DDL Query made to DB:
DROP DATABASE IF EXISTS `_70ae88e076d8a1a8`
2024-08-17 16:01:16,666 WARNING database DDL Query made to DB:
DROP USER IF EXISTS '_70ae88e076d8a1a8'@'%'
2024-08-17 16:01:16,668 WARNING database DDL Query made to DB:
DROP USER IF EXISTS '_70ae88e076d8a1a8'@'localhost'
