2024-08-17 15:58:01,453 ERROR scheduler Exception in Enqueue Events for Site mysite2.localhost
Traceback (most recent call last):
  File "/home/karthik/Desktop/work/frappe-bench/apps/frappe/frappe/utils/scheduler.py", line 106, in enqueue_events_for_site
    if is_scheduler_inactive():
  File "/home/karthik/Desktop/work/frappe-bench/apps/frappe/frappe/utils/scheduler.py", line 150, in is_scheduler_inactive
    if is_scheduler_disabled(verbose=verbose):
  File "/home/karthik/Desktop/work/frappe-bench/apps/frappe/frappe/utils/scheduler.py", line 163, in is_scheduler_disabled
    frappe.db.get_single_value("System Settings", "enable_scheduler")
  File "/home/karthik/Desktop/work/frappe-bench/apps/frappe/frappe/database/database.py", line 849, in get_single_value
    df = frappe.get_meta(doctype).get_field(fieldname)
  File "/home/karthik/Desktop/work/frappe-bench/apps/frappe/frappe/__init__.py", line 1406, in get_meta
    return frappe.model.meta.get_meta(doctype, cached=cached)
  File "/home/karthik/Desktop/work/frappe-bench/apps/frappe/frappe/model/meta.py", line 64, in get_meta
    meta = Meta(doctype)
  File "/home/karthik/Desktop/work/frappe-bench/apps/frappe/frappe/model/meta.py", line 118, in __init__
    super().__init__("DocType", doctype)
  File "/home/karthik/Desktop/work/frappe-bench/apps/frappe/frappe/model/document.py", line 128, in __init__
    self.load_from_db()
  File "/home/karthik/Desktop/work/frappe-bench/apps/frappe/frappe/model/meta.py", line 124, in load_from_db
    super().load_from_db()
  File "/home/karthik/Desktop/work/frappe-bench/apps/frappe/frappe/model/document.py", line 174, in load_from_db
    frappe.throw(
  File "/home/karthik/Desktop/work/frappe-bench/apps/frappe/frappe/__init__.py", line 687, in throw
    msgprint(
  File "/home/karthik/Desktop/work/frappe-bench/apps/frappe/frappe/__init__.py", line 652, in msgprint
    _raise_exception()
  File "/home/karthik/Desktop/work/frappe-bench/apps/frappe/frappe/__init__.py", line 603, in _raise_exception
    raise exc
frappe.exceptions.DoesNotExistError: DocType System Settings not found
